<?xml version="1.0" encoding="UTF-8"?>
<!-- Generated by org.testng.reporters.JUnitReportReporter -->
<testsuite hostname="YogeshTayal" name="testElephant.TC_Elephant" tests="19" failures="0" timestamp="16 Jul 2020 15:14:27 GMT" time="2260.377" errors="1">
  <testcase name="TC008" time="365.767" classname="testElephant.TC_Elephant"/>
  <testcase name="TC010" time="209.130" classname="testElephant.TC_Elephant"/>
  <testcase name="TC014" time="68.907" classname="testElephant.TC_Elephant"/>
  <testcase name="TC015" time="55.020" classname="testElephant.TC_Elephant"/>
  <testcase name="TC013" time="66.983" classname="testElephant.TC_Elephant"/>
  <testcase name="TC006" time="159.660" classname="testElephant.TC_Elephant"/>
  <testcase name="TC002" time="112.453" classname="testElephant.TC_Elephant"/>
  <testcase name="TC004" time="65.050" classname="testElephant.TC_Elephant"/>
  <testcase name="TC016" time="109.119" classname="testElephant.TC_Elephant"/>
  <testcase name="TC018" time="46.601" classname="testElephant.TC_Elephant"/>
  <testcase name="TC017" time="111.901" classname="testElephant.TC_Elephant"/>
  <testcase name="TC005" time="82.893" classname="testElephant.TC_Elephant"/>
  <testcase name="TC003" time="99.038" classname="testElephant.TC_Elephant"/>
  <testcase name="TC012" time="66.917" classname="testElephant.TC_Elephant"/>
  <testcase name="TC011" time="105.668" classname="testElephant.TC_Elephant"/>
  <testcase name="TC001" time="68.939" classname="testElephant.TC_Elephant"/>
  <testcase name="TC009" time="137.719" classname="testElephant.TC_Elephant">
    <error type="java.lang.NullPointerException">
      <![CDATA[java.lang.NullPointerException
	at java.lang.String.replace(Unknown Source)
	at resources.WebFunctions.click(WebFunctions.java:169)
	at SharedTC.STC_Vehicle.whoOperatesVehiclewithVin(STC_Vehicle.java:136)
	at testElephant.TC_Elephant.TC009(TC_Elephant.java:240)
	at sun.reflect.NativeMethodAccessorImpl.invoke0(Native Method)
	at sun.reflect.NativeMethodAccessorImpl.invoke(Unknown Source)
	at sun.reflect.DelegatingMethodAccessorImpl.invoke(Unknown Source)
	at java.lang.reflect.Method.invoke(Unknown Source)
	at org.testng.internal.MethodInvocationHelper.invokeMethod(MethodInvocationHelper.java:85)
	at org.testng.internal.Invoker.invokeMethod(Invoker.java:639)
	at org.testng.internal.Invoker.invokeTestMethod(Invoker.java:816)
	at org.testng.internal.Invoker.invokeTestMethods(Invoker.java:1124)
	at org.testng.internal.TestMethodWorker.invokeTestMethods(TestMethodWorker.java:125)
	at org.testng.internal.TestMethodWorker.run(TestMethodWorker.java:108)
	at org.testng.TestRunner.privateRun(TestRunner.java:774)
	at org.testng.TestRunner.run(TestRunner.java:624)
	at org.testng.SuiteRunner.runTest(SuiteRunner.java:359)
	at org.testng.SuiteRunner.runSequentially(SuiteRunner.java:354)
	at org.testng.SuiteRunner.privateRun(SuiteRunner.java:312)
	at org.testng.SuiteRunner.run(SuiteRunner.java:261)
	at org.testng.SuiteRunnerWorker.runSuite(SuiteRunnerWorker.java:52)
	at org.testng.SuiteRunnerWorker.run(SuiteRunnerWorker.java:86)
	at org.testng.TestNG.runSuitesSequentially(TestNG.java:1215)
	at org.testng.TestNG.runSuitesLocally(TestNG.java:1140)
	at org.testng.TestNG.run(TestNG.java:1048)
	at org.testng.remote.AbstractRemoteTestNG.run(AbstractRemoteTestNG.java:115)
	at org.testng.remote.RemoteTestNG.initAndRun(RemoteTestNG.java:251)
	at org.testng.remote.RemoteTestNG.main(RemoteTestNG.java:77)
]]>
    </error>
  </testcase> <!-- TC009 -->
  <testcase name="TC007" time="235.675" classname="testElephant.TC_Elephant"/>
  <testcase name="TC019" time="92.937" classname="testElephant.TC_Elephant"/>
</testsuite> <!-- testElephant.TC_Elephant -->
